<?xml version="1.0" encoding="UTF-8"?>
<!-- Generated by org.testng.reporters.JUnitXMLReporter -->
<testsuite ignored="0" hostname="LT0091756" failures="1" tests="3" name="Test" time="52.383" errors="0" timestamp="19 Apr 2019 10:34:41 GMT">
  <testcase classname="AutomationScripts.ContectScripts.ContectPageTest" name="contectTest" time="3.209">
    <failure type="java.lang.AssertionError" message="null">
      <![CDATA[java.lang.AssertionError: null
at AutomationScripts.ContectScripts.ContectPageTest.contectTest(ContectPageTest.java:29)
... Removed 27 stack frames]]>
    </failure>
  </testcase> <!-- contectTest -->
  <testcase classname="AutomationScripts.ContectScripts.ContectDetailsTest" name="contectFillDetails" time="6.697"/>
  <testcase classname="AutomationScripts.ContectScripts.ContectDetailsTest" name="contectFillDetails" time="9.595"/>
</testsuite> <!-- Test -->
